<?xml version="1.0" encoding="UTF-8"?>
<!-- Generated by org.testng.reporters.JUnitXMLReporter -->
<testsuite ignored="0" hostname="A-5CG3291B5T" failures="4" tests="5" name="Login and Navigation Test" time="14.124" errors="0" timestamp="18 Oct 2024 05:33:15 GMT">
  <testcase classname="OrangeHRM.Web.TestCase.LoginPageTestCase" name="invalidUserNameandPasswordErrorMassage" time="2.378">
    <failure type="java.lang.AssertionError" message="Text does not match! expected [Invalid credential] but found []">
      <![CDATA[java.lang.AssertionError: Text does not match! expected [Invalid credential] but found []
	at OrangeHRM.Web.TestCase.LoginPageTestCase.invalidUserNameandPasswordErrorMassage(LoginPageTestCase.java:43)
... Removed 28 stack frames]]>
    </failure>
  </testcase> <!-- invalidUserNameandPasswordErrorMassage -->
  <testcase classname="OrangeHRM.Web.TestCase.LoginPageTestCase" name="invalidPassword" time="1.918">
    <failure type="java.lang.AssertionError" message="Text does not match! expected [Invalid credential] but found []">
      <![CDATA[java.lang.AssertionError: Text does not match! expected [Invalid credential] but found []
	at OrangeHRM.Web.TestCase.LoginPageTestCase.invalidPassword(LoginPageTestCase.java:60)
... Removed 28 stack frames]]>
    </failure>
  </testcase> <!-- invalidPassword -->
  <testcase classname="OrangeHRM.Web.TestCase.LoginPageTestCase" name="invalidUserName" time="1.682">
    <failure type="java.lang.AssertionError" message="Text does not match! expected [Invalid credential] but found []">
      <![CDATA[java.lang.AssertionError: Text does not match! expected [Invalid credential] but found []
	at OrangeHRM.Web.TestCase.LoginPageTestCase.invalidUserName(LoginPageTestCase.java:76)
... Removed 28 stack frames]]>
    </failure>
  </testcase> <!-- invalidUserName -->
  <testcase classname="OrangeHRM.Web.TestCase.LoginPageTestCase" name="BlankUserName" time="0.3">
    <failure type="java.lang.AssertionError" message="Text does not match! expected [Require] but found [Required]">
      <![CDATA[java.lang.AssertionError: Text does not match! expected [Require] but found [Required]
	at OrangeHRM.Web.TestCase.LoginPageTestCase.BlankUserName(LoginPageTestCase.java:90)
... Removed 28 stack frames]]>
    </failure>
  </testcase> <!-- BlankUserName -->
  <testcase classname="OrangeHRM.Web.TestCase.LoginPageTestCase" name="loginSucessfully" time="1.968"/>
</testsuite> <!-- Login and Navigation Test -->
